build/app/intermediates/manifest_merge_blame_file/release/manifest-merger-blame-release-report.txt
1<?xml version="1.0" encoding="utf-8"?>
2<manifest xmlns:android="http://schemas.android.com/apk/res/android"
3    package="com.example.push_noti"
4    android:versionCode="1"
5    android:versionName="1.0.0" >
6
7    <uses-sdk
8        android:minSdkVersion="21"
8-->src/main/AndroidManifest.xml
9        android:targetSdkVersion="31" />
9-->src/main/AndroidManifest.xml
10
11    <uses-permission android:name="android.permission.INTERNET" />
11-->[:firebase_messaging] AndroidManifest.xml:9:5-67
11-->[:firebase_messaging] AndroidManifest.xml:9:22-64
12    <uses-permission android:name="android.permission.WAKE_LOCK" />
12-->[:firebase_messaging] AndroidManifest.xml:10:5-68
12-->[:firebase_messaging] AndroidManifest.xml:10:22-65
13    <uses-permission android:name="android.permission.ACCESS_NETWORK_STATE" /> <!-- Permissions options for the `notification` group -->
13-->[:firebase_messaging] AndroidManifest.xml:11:5-79
13-->[:firebase_messaging] AndroidManifest.xml:11:22-76
14    <uses-permission android:name="android.permission.POST_NOTIFICATIONS" />
14-->[:firebase_messaging] AndroidManifest.xml:13:5-77
14-->[:firebase_messaging] AndroidManifest.xml:13:22-74
15    <uses-permission android:name="android.permission.RECEIVE_BOOT_COMPLETED" />
15-->[:flutter_local_notifications] AndroidManifest.xml:9:5-81
15-->[:flutter_local_notifications] AndroidManifest.xml:9:22-78
16    <uses-permission android:name="android.permission.VIBRATE" />
16-->[:flutter_local_notifications] AndroidManifest.xml:10:5-66
16-->[:flutter_local_notifications] AndroidManifest.xml:10:22-63
17    <uses-permission android:name="android.permission.USE_FULL_SCREEN_INTENT" />
17-->[:flutter_local_notifications] AndroidManifest.xml:11:5-81
17-->[:flutter_local_notifications] AndroidManifest.xml:11:22-78
18    <uses-permission android:name="android.permission.SCHEDULE_EXACT_ALARM" /> <!-- Required by older versions of Google Play services to create IID tokens -->
18-->[:flutter_local_notifications] AndroidManifest.xml:12:5-79
18-->[:flutter_local_notifications] AndroidManifest.xml:12:22-76
19    <uses-permission android:name="com.google.android.c2dm.permission.RECEIVE" />
19-->[com.google.firebase:firebase-messaging:23.1.1] AndroidManifest.xml:28:5-82
19-->[com.google.firebase:firebase-messaging:23.1.1] AndroidManifest.xml:28:22-79
20    <uses-permission android:name="com.google.android.gms.permission.AD_ID" />
20-->[com.google.android.gms:play-services-measurement-api:21.2.0] AndroidManifest.xml:25:5-79
20-->[com.google.android.gms:play-services-measurement-api:21.2.0] AndroidManifest.xml:25:22-76
21    <uses-permission android:name="com.google.android.finsky.permission.BIND_GET_INSTALL_REFERRER_SERVICE" />
21-->[com.google.android.gms:play-services-measurement:21.2.0] AndroidManifest.xml:26:5-110
21-->[com.google.android.gms:play-services-measurement:21.2.0] AndroidManifest.xml:26:22-107
22
23    <application
24        android:name="android.app.Application"
24-->src/main/AndroidManifest.xml:5:9-42
25        android:appComponentFactory="androidx.core.app.CoreComponentFactory"
25-->[androidx.core:core:1.6.0] AndroidManifest.xml:24:18-86
26        android:icon="@mipmap/ic_launcher"
26-->src/main/AndroidManifest.xml:6:9-43
27        android:label="push_noti" >
27-->src/main/AndroidManifest.xml:4:9-34
28        <activity
28-->src/main/AndroidManifest.xml:7:9-36:20
29            android:name="com.example.push_noti.MainActivity"
29-->src/main/AndroidManifest.xml:8:13-41
30            android:configChanges="orientation|keyboardHidden|keyboard|screenSize|smallestScreenSize|locale|layoutDirection|fontScale|screenLayout|density|uiMode"
30-->src/main/AndroidManifest.xml:12:13-163
31            android:exported="true"
31-->src/main/AndroidManifest.xml:9:13-36
32            android:hardwareAccelerated="true"
32-->src/main/AndroidManifest.xml:13:13-47
33            android:launchMode="singleTop"
33-->src/main/AndroidManifest.xml:10:13-43
34            android:theme="@style/LaunchTheme"
34-->src/main/AndroidManifest.xml:11:13-47
35            android:windowSoftInputMode="adjustResize" >
35-->src/main/AndroidManifest.xml:14:13-55
36
37            <!--
38                 Specifies an Android theme to apply to this Activity as soon as
39                 the Android process has started. This theme is visible to the user
40                 while the Flutter UI initializes. After that, this theme continues
41                 to determine the Window background behind the Flutter UI.
42            -->
43            <meta-data
43-->src/main/AndroidManifest.xml:19:13-22:17
44                android:name="io.flutter.embedding.android.NormalTheme"
44-->src/main/AndroidManifest.xml:20:15-70
45                android:resource="@style/NormalTheme" />
45-->src/main/AndroidManifest.xml:21:15-52
46
47            <intent-filter>
47-->src/main/AndroidManifest.xml:23:13-26:29
48                <action android:name="android.intent.action.MAIN" />
48-->src/main/AndroidManifest.xml:24:17-68
48-->src/main/AndroidManifest.xml:24:25-66
49
50                <category android:name="android.intent.category.LAUNCHER" />
50-->src/main/AndroidManifest.xml:25:17-76
50-->src/main/AndroidManifest.xml:25:27-74
51            </intent-filter>
52            <intent-filter>
52-->src/main/AndroidManifest.xml:28:13-30:29
53                <action android:name="com.google.firebase.MESSAGING_EVENT" />
53-->src/main/AndroidManifest.xml:29:17-77
53-->src/main/AndroidManifest.xml:29:25-75
54            </intent-filter>
55            <intent-filter>
55-->src/main/AndroidManifest.xml:32:13-35:29
56                <action android:name="FLUTTER_NOTIFICATION_CLICK" />
56-->src/main/AndroidManifest.xml:33:17-69
56-->src/main/AndroidManifest.xml:33:25-66
57
58                <category android:name="android.intent.category.DEFAULT" />
58-->src/main/AndroidManifest.xml:34:17-75
58-->src/main/AndroidManifest.xml:34:27-73
59            </intent-filter>
60        </activity>
61        <!--
62             Don't delete the meta-data below.
63             This is used by the Flutter tool to generate GeneratedPluginRegistrant.java
64        -->
65        <meta-data
65-->src/main/AndroidManifest.xml:39:9-41:33
66            android:name="flutterEmbedding"
66-->src/main/AndroidManifest.xml:40:13-44
67            android:value="2" />
67-->src/main/AndroidManifest.xml:41:13-30
68        <meta-data
68-->src/main/AndroidManifest.xml:43:9-45:37
69            android:name="com.google.firebase.messaging.default_notification_channel_id"
69-->src/main/AndroidManifest.xml:44:13-89
70            android:value="dbfood" />
70-->src/main/AndroidManifest.xml:45:13-35
71
72        <service
72-->[:firebase_auth] AndroidManifest.xml:10:9-14:19
73            android:name="com.google.firebase.components.ComponentDiscoveryService"
73-->[:firebase_auth] AndroidManifest.xml:10:18-89
74            android:directBootAware="true"
74-->[com.google.firebase:firebase-common:20.2.0] AndroidManifest.xml:34:13-43
75            android:exported="false" >
75-->[com.google.firebase:firebase-auth:21.1.0] AndroidManifest.xml:66:13-37
76            <meta-data
76-->[:firebase_auth] AndroidManifest.xml:11:13-13:85
77                android:name="com.google.firebase.components:io.flutter.plugins.firebase.auth.FlutterFirebaseAuthRegistrar"
77-->[:firebase_auth] AndroidManifest.xml:12:17-124
78                android:value="com.google.firebase.components.ComponentRegistrar" />
78-->[:firebase_auth] AndroidManifest.xml:13:17-82
79            <meta-data
79-->[:cloud_firestore] AndroidManifest.xml:11:13-13:85
80                android:name="com.google.firebase.components:io.flutter.plugins.firebase.firestore.FlutterFirebaseFirestoreRegistrar"
80-->[:cloud_firestore] AndroidManifest.xml:12:17-134
81                android:value="com.google.firebase.components.ComponentRegistrar" />
81-->[:cloud_firestore] AndroidManifest.xml:13:17-82
82            <meta-data
82-->[:firebase_messaging] AndroidManifest.xml:38:13-40:85
83                android:name="com.google.firebase.components:io.flutter.plugins.firebase.messaging.FlutterFirebaseAppRegistrar"
83-->[:firebase_messaging] AndroidManifest.xml:39:17-128
84                android:value="com.google.firebase.components.ComponentRegistrar" />
84-->[:firebase_messaging] AndroidManifest.xml:40:17-82
85            <meta-data
85-->[:firebase_core] AndroidManifest.xml:11:13-13:85
86                android:name="com.google.firebase.components:io.flutter.plugins.firebase.core.FlutterFirebaseCoreRegistrar"
86-->[:firebase_core] AndroidManifest.xml:12:17-124
87                android:value="com.google.firebase.components.ComponentRegistrar" />
87-->[:firebase_core] AndroidManifest.xml:13:17-82
88            <meta-data
88-->[com.google.firebase:firebase-auth:21.1.0] AndroidManifest.xml:67:13-69:85
89                android:name="com.google.firebase.components:com.google.firebase.auth.FirebaseAuthRegistrar"
89-->[com.google.firebase:firebase-auth:21.1.0] AndroidManifest.xml:68:17-109
90                android:value="com.google.firebase.components.ComponentRegistrar" />
90-->[com.google.firebase:firebase-auth:21.1.0] AndroidManifest.xml:69:17-82
91            <meta-data
91-->[com.google.firebase:firebase-messaging:23.1.1] AndroidManifest.xml:55:13-57:85
92                android:name="com.google.firebase.components:com.google.firebase.messaging.FirebaseMessagingRegistrar"
92-->[com.google.firebase:firebase-messaging:23.1.1] AndroidManifest.xml:56:17-119
93                android:value="com.google.firebase.components.ComponentRegistrar" />
93-->[com.google.firebase:firebase-messaging:23.1.1] AndroidManifest.xml:57:17-82
94            <meta-data
94-->[com.google.firebase:firebase-datatransport:18.1.7] AndroidManifest.xml:27:13-29:85
95                android:name="com.google.firebase.components:com.google.firebase.datatransport.TransportRegistrar"
95-->[com.google.firebase:firebase-datatransport:18.1.7] AndroidManifest.xml:28:17-115
96                android:value="com.google.firebase.components.ComponentRegistrar" />
96-->[com.google.firebase:firebase-datatransport:18.1.7] AndroidManifest.xml:29:17-82
97            <meta-data
97-->[com.google.firebase:firebase-firestore:24.4.1] AndroidManifest.xml:19:13-21:85
98                android:name="com.google.firebase.components:com.google.firebase.firestore.FirestoreRegistrar"
98-->[com.google.firebase:firebase-firestore:24.4.1] AndroidManifest.xml:20:17-111
99                android:value="com.google.firebase.components.ComponentRegistrar" />
99-->[com.google.firebase:firebase-firestore:24.4.1] AndroidManifest.xml:21:17-82
100            <meta-data
100-->[com.google.firebase:firebase-iid:21.1.0] AndroidManifest.xml:32:13-34:85
101                android:name="com.google.firebase.components:com.google.firebase.iid.Registrar"
101-->[com.google.firebase:firebase-iid:21.1.0] AndroidManifest.xml:33:17-96
102                android:value="com.google.firebase.components.ComponentRegistrar" />
102-->[com.google.firebase:firebase-iid:21.1.0] AndroidManifest.xml:34:17-82
103            <meta-data
103-->[com.google.android.gms:play-services-measurement-api:21.2.0] AndroidManifest.xml:31:13-33:85
104                android:name="com.google.firebase.components:com.google.firebase.analytics.connector.internal.AnalyticsConnectorRegistrar"
104-->[com.google.android.gms:play-services-measurement-api:21.2.0] AndroidManifest.xml:32:17-139
105                android:value="com.google.firebase.components.ComponentRegistrar" />
105-->[com.google.android.gms:play-services-measurement-api:21.2.0] AndroidManifest.xml:33:17-82
106            <meta-data
106-->[com.google.firebase:firebase-installations:17.1.0] AndroidManifest.xml:17:13-19:85
107                android:name="com.google.firebase.components:com.google.firebase.installations.FirebaseInstallationsRegistrar"
107-->[com.google.firebase:firebase-installations:17.1.0] AndroidManifest.xml:18:17-127
108                android:value="com.google.firebase.components.ComponentRegistrar" />
108-->[com.google.firebase:firebase-installations:17.1.0] AndroidManifest.xml:19:17-82
109        </service>
110        <service
110-->[:firebase_messaging] AndroidManifest.xml:16:9-19:72
111            android:name="io.flutter.plugins.firebase.messaging.FlutterFirebaseMessagingBackgroundService"
111-->[:firebase_messaging] AndroidManifest.xml:17:13-107
112            android:exported="false"
112-->[:firebase_messaging] AndroidManifest.xml:18:13-37
113            android:permission="android.permission.BIND_JOB_SERVICE" />
113-->[:firebase_messaging] AndroidManifest.xml:19:13-69
114        <service
114-->[:firebase_messaging] AndroidManifest.xml:20:9-26:19
115            android:name="io.flutter.plugins.firebase.messaging.FlutterFirebaseMessagingService"
115-->[:firebase_messaging] AndroidManifest.xml:21:13-97
116            android:exported="false" >
116-->[:firebase_messaging] AndroidManifest.xml:22:13-37
117            <intent-filter>
117-->src/main/AndroidManifest.xml:28:13-30:29
118                <action android:name="com.google.firebase.MESSAGING_EVENT" />
118-->src/main/AndroidManifest.xml:29:17-77
118-->src/main/AndroidManifest.xml:29:25-75
119            </intent-filter>
120        </service>
121
122        <receiver
122-->[:firebase_messaging] AndroidManifest.xml:28:9-35:20
123            android:name="io.flutter.plugins.firebase.messaging.FlutterFirebaseMessagingReceiver"
123-->[:firebase_messaging] AndroidManifest.xml:29:13-98
124            android:exported="true"
124-->[:firebase_messaging] AndroidManifest.xml:30:13-36
125            android:permission="com.google.android.c2dm.permission.SEND" >
125-->[:firebase_messaging] AndroidManifest.xml:31:13-73
126            <intent-filter>
126-->[:firebase_messaging] AndroidManifest.xml:32:13-34:29
127                <action android:name="com.google.android.c2dm.intent.RECEIVE" />
127-->[:firebase_messaging] AndroidManifest.xml:33:17-81
127-->[:firebase_messaging] AndroidManifest.xml:33:25-78
128            </intent-filter>
129        </receiver>
130
131        <provider
131-->[:firebase_messaging] AndroidManifest.xml:43:9-47:38
132            android:name="io.flutter.plugins.firebase.messaging.FlutterFirebaseMessagingInitProvider"
132-->[:firebase_messaging] AndroidManifest.xml:44:13-102
133            android:authorities="com.example.push_noti.flutterfirebasemessaginginitprovider"
133-->[:firebase_messaging] AndroidManifest.xml:45:13-88
134            android:exported="false"
134-->[:firebase_messaging] AndroidManifest.xml:46:13-37
135            android:initOrder="99" />
135-->[:firebase_messaging] AndroidManifest.xml:47:13-35
136
137        <receiver
137-->[:flutter_local_notifications] AndroidManifest.xml:16:9-18:40
138            android:name="com.dexterous.flutterlocalnotifications.ActionBroadcastReceiver"
138-->[:flutter_local_notifications] AndroidManifest.xml:17:13-91
139            android:exported="false" />
139-->[:flutter_local_notifications] AndroidManifest.xml:18:13-37
140        <receiver
140-->[:flutter_local_notifications] AndroidManifest.xml:19:9-21:40
141            android:name="com.dexterous.flutterlocalnotifications.ScheduledNotificationReceiver"
141-->[:flutter_local_notifications] AndroidManifest.xml:20:13-97
142            android:exported="false" />
142-->[:flutter_local_notifications] AndroidManifest.xml:21:13-37
143        <receiver
143-->[:flutter_local_notifications] AndroidManifest.xml:22:9-31:20
144            android:name="com.dexterous.flutterlocalnotifications.ScheduledNotificationBootReceiver"
144-->[:flutter_local_notifications] AndroidManifest.xml:23:13-101
145            android:exported="false" >
145-->[:flutter_local_notifications] AndroidManifest.xml:24:13-37
146            <intent-filter>
146-->[:flutter_local_notifications] AndroidManifest.xml:25:13-30:29
147                <action android:name="android.intent.action.BOOT_COMPLETED" />
147-->[:flutter_local_notifications] AndroidManifest.xml:26:17-79
147-->[:flutter_local_notifications] AndroidManifest.xml:26:25-76
148                <action android:name="android.intent.action.MY_PACKAGE_REPLACED" />
148-->[:flutter_local_notifications] AndroidManifest.xml:27:17-84
148-->[:flutter_local_notifications] AndroidManifest.xml:27:25-81
149                <action android:name="android.intent.action.QUICKBOOT_POWERON" />
149-->[:flutter_local_notifications] AndroidManifest.xml:28:17-82
149-->[:flutter_local_notifications] AndroidManifest.xml:28:25-79
150                <action android:name="com.htc.intent.action.QUICKBOOT_POWERON" />
150-->[:flutter_local_notifications] AndroidManifest.xml:29:17-82
150-->[:flutter_local_notifications] AndroidManifest.xml:29:25-79
151            </intent-filter>
152        </receiver>
153
154        <uses-library
154-->[androidx.window:window:1.0.0-beta04] AndroidManifest.xml:25:9-27:40
155            android:name="androidx.window.extensions"
155-->[androidx.window:window:1.0.0-beta04] AndroidManifest.xml:26:13-54
156            android:required="false" />
156-->[androidx.window:window:1.0.0-beta04] AndroidManifest.xml:27:13-37
157        <uses-library
157-->[androidx.window:window:1.0.0-beta04] AndroidManifest.xml:28:9-30:40
158            android:name="androidx.window.sidecar"
158-->[androidx.window:window:1.0.0-beta04] AndroidManifest.xml:29:13-51
159            android:required="false" />
159-->[androidx.window:window:1.0.0-beta04] AndroidManifest.xml:30:13-37
160
161        <activity
161-->[com.google.firebase:firebase-auth:21.1.0] AndroidManifest.xml:27:9-44:20
162            android:name="com.google.firebase.auth.internal.GenericIdpActivity"
162-->[com.google.firebase:firebase-auth:21.1.0] AndroidManifest.xml:28:13-80
163            android:excludeFromRecents="true"
163-->[com.google.firebase:firebase-auth:21.1.0] AndroidManifest.xml:29:13-46
164            android:exported="true"
164-->[com.google.firebase:firebase-auth:21.1.0] AndroidManifest.xml:30:13-36
165            android:launchMode="singleTask"
165-->[com.google.firebase:firebase-auth:21.1.0] AndroidManifest.xml:31:13-44
166            android:theme="@android:style/Theme.Translucent.NoTitleBar" >
166-->[com.google.firebase:firebase-auth:21.1.0] AndroidManifest.xml:32:13-72
167            <intent-filter>
167-->[com.google.firebase:firebase-auth:21.1.0] AndroidManifest.xml:33:13-43:29
168                <action android:name="android.intent.action.VIEW" />
168-->[com.google.firebase:firebase-auth:21.1.0] AndroidManifest.xml:34:17-69
168-->[com.google.firebase:firebase-auth:21.1.0] AndroidManifest.xml:34:25-66
169
170                <category android:name="android.intent.category.DEFAULT" />
170-->src/main/AndroidManifest.xml:34:17-75
170-->src/main/AndroidManifest.xml:34:27-73
171                <category android:name="android.intent.category.BROWSABLE" />
171-->[com.google.firebase:firebase-auth:21.1.0] AndroidManifest.xml:37:17-78
171-->[com.google.firebase:firebase-auth:21.1.0] AndroidManifest.xml:37:27-75
172
173                <data
173-->[com.google.firebase:firebase-auth:21.1.0] AndroidManifest.xml:39:17-42:51
174                    android:host="firebase.auth"
174-->[com.google.firebase:firebase-auth:21.1.0] AndroidManifest.xml:40:21-49
175                    android:path="/"
175-->[com.google.firebase:firebase-auth:21.1.0] AndroidManifest.xml:41:21-37
176                    android:scheme="genericidp" />
176-->[com.google.firebase:firebase-auth:21.1.0] AndroidManifest.xml:42:21-48
177            </intent-filter>
178        </activity>
179        <activity
179-->[com.google.firebase:firebase-auth:21.1.0] AndroidManifest.xml:45:9-62:20
180            android:name="com.google.firebase.auth.internal.RecaptchaActivity"
180-->[com.google.firebase:firebase-auth:21.1.0] AndroidManifest.xml:46:13-79
181            android:excludeFromRecents="true"
181-->[com.google.firebase:firebase-auth:21.1.0] AndroidManifest.xml:47:13-46
182            android:exported="true"
182-->[com.google.firebase:firebase-auth:21.1.0] AndroidManifest.xml:48:13-36
183            android:launchMode="singleTask"
183-->[com.google.firebase:firebase-auth:21.1.0] AndroidManifest.xml:49:13-44
184            android:theme="@android:style/Theme.Translucent.NoTitleBar" >
184-->[com.google.firebase:firebase-auth:21.1.0] AndroidManifest.xml:50:13-72
185            <intent-filter>
185-->[com.google.firebase:firebase-auth:21.1.0] AndroidManifest.xml:51:13-61:29
186                <action android:name="android.intent.action.VIEW" />
186-->[com.google.firebase:firebase-auth:21.1.0] AndroidManifest.xml:34:17-69
186-->[com.google.firebase:firebase-auth:21.1.0] AndroidManifest.xml:34:25-66
187
188                <category android:name="android.intent.category.DEFAULT" />
188-->src/main/AndroidManifest.xml:34:17-75
188-->src/main/AndroidManifest.xml:34:27-73
189                <category android:name="android.intent.category.BROWSABLE" />
189-->[com.google.firebase:firebase-auth:21.1.0] AndroidManifest.xml:37:17-78
189-->[com.google.firebase:firebase-auth:21.1.0] AndroidManifest.xml:37:27-75
190
191                <data
191-->[com.google.firebase:firebase-auth:21.1.0] AndroidManifest.xml:39:17-42:51
192                    android:host="firebase.auth"
192-->[com.google.firebase:firebase-auth:21.1.0] AndroidManifest.xml:40:21-49
193                    android:path="/"
193-->[com.google.firebase:firebase-auth:21.1.0] AndroidManifest.xml:41:21-37
194                    android:scheme="recaptcha" />
194-->[com.google.firebase:firebase-auth:21.1.0] AndroidManifest.xml:42:21-48
195            </intent-filter>
196        </activity>
197
198        <receiver
198-->[com.google.firebase:firebase-messaging:23.1.1] AndroidManifest.xml:31:9-38:20
199            android:name="com.google.firebase.iid.FirebaseInstanceIdReceiver"
199-->[com.google.firebase:firebase-messaging:23.1.1] AndroidManifest.xml:32:13-78
200            android:exported="true"
200-->[com.google.firebase:firebase-messaging:23.1.1] AndroidManifest.xml:33:13-36
201            android:permission="com.google.android.c2dm.permission.SEND" >
201-->[com.google.firebase:firebase-messaging:23.1.1] AndroidManifest.xml:34:13-73
202            <intent-filter>
202-->[:firebase_messaging] AndroidManifest.xml:32:13-34:29
203                <action android:name="com.google.android.c2dm.intent.RECEIVE" />
203-->[:firebase_messaging] AndroidManifest.xml:33:17-81
203-->[:firebase_messaging] AndroidManifest.xml:33:25-78
204            </intent-filter>
205        </receiver>
206        <!--
207             FirebaseMessagingService performs security checks at runtime,
208             but set to not exported to explicitly avoid allowing another app to call it.
209        -->
210        <service
210-->[com.google.firebase:firebase-messaging:23.1.1] AndroidManifest.xml:44:9-51:19
211            android:name="com.google.firebase.messaging.FirebaseMessagingService"
211-->[com.google.firebase:firebase-messaging:23.1.1] AndroidManifest.xml:45:13-82
212            android:directBootAware="true"
212-->[com.google.firebase:firebase-messaging:23.1.1] AndroidManifest.xml:46:13-43
213            android:exported="false" >
213-->[com.google.firebase:firebase-messaging:23.1.1] AndroidManifest.xml:47:13-37
214            <intent-filter android:priority="-500" >
214-->src/main/AndroidManifest.xml:28:13-30:29
215                <action android:name="com.google.firebase.MESSAGING_EVENT" />
215-->src/main/AndroidManifest.xml:29:17-77
215-->src/main/AndroidManifest.xml:29:25-75
216            </intent-filter>
217        </service>
218        <service
218-->[com.google.android.datatransport:transport-backend-cct:3.1.8] AndroidManifest.xml:28:9-34:19
219            android:name="com.google.android.datatransport.runtime.backends.TransportBackendDiscovery"
219-->[com.google.android.datatransport:transport-backend-cct:3.1.8] AndroidManifest.xml:29:13-103
220            android:exported="false" >
220-->[com.google.android.datatransport:transport-backend-cct:3.1.8] AndroidManifest.xml:30:13-37
221            <meta-data
221-->[com.google.android.datatransport:transport-backend-cct:3.1.8] AndroidManifest.xml:31:13-33:39
222                android:name="backend:com.google.android.datatransport.cct.CctBackendFactory"
222-->[com.google.android.datatransport:transport-backend-cct:3.1.8] AndroidManifest.xml:32:17-94
223                android:value="cct" />
223-->[com.google.android.datatransport:transport-backend-cct:3.1.8] AndroidManifest.xml:33:17-36
224        </service>
225        <service
225-->[com.google.android.datatransport:transport-runtime:3.1.8] AndroidManifest.xml:26:9-30:19
226            android:name="com.google.android.datatransport.runtime.scheduling.jobscheduling.JobInfoSchedulerService"
226-->[com.google.android.datatransport:transport-runtime:3.1.8] AndroidManifest.xml:27:13-117
227            android:exported="false"
227-->[com.google.android.datatransport:transport-runtime:3.1.8] AndroidManifest.xml:28:13-37
228            android:permission="android.permission.BIND_JOB_SERVICE" >
228-->[com.google.android.datatransport:transport-runtime:3.1.8] AndroidManifest.xml:29:13-69
229        </service>
230
231        <receiver
231-->[com.google.android.datatransport:transport-runtime:3.1.8] AndroidManifest.xml:32:9-34:40
232            android:name="com.google.android.datatransport.runtime.scheduling.jobscheduling.AlarmManagerSchedulerBroadcastReceiver"
232-->[com.google.android.datatransport:transport-runtime:3.1.8] AndroidManifest.xml:33:13-132
233            android:exported="false" />
233-->[com.google.android.datatransport:transport-runtime:3.1.8] AndroidManifest.xml:34:13-37
234
235        <provider
235-->[com.google.firebase:firebase-common:20.2.0] AndroidManifest.xml:25:9-30:39
236            android:name="com.google.firebase.provider.FirebaseInitProvider"
236-->[com.google.firebase:firebase-common:20.2.0] AndroidManifest.xml:26:13-77
237            android:authorities="com.example.push_noti.firebaseinitprovider"
237-->[com.google.firebase:firebase-common:20.2.0] AndroidManifest.xml:27:13-72
238            android:directBootAware="true"
238-->[com.google.firebase:firebase-common:20.2.0] AndroidManifest.xml:28:13-43
239            android:exported="false"
239-->[com.google.firebase:firebase-common:20.2.0] AndroidManifest.xml:29:13-37
240            android:initOrder="100" />
240-->[com.google.firebase:firebase-common:20.2.0] AndroidManifest.xml:30:13-36
241
242        <receiver
242-->[com.google.android.gms:play-services-measurement:21.2.0] AndroidManifest.xml:29:9-33:20
243            android:name="com.google.android.gms.measurement.AppMeasurementReceiver"
243-->[com.google.android.gms:play-services-measurement:21.2.0] AndroidManifest.xml:30:13-85
244            android:enabled="true"
244-->[com.google.android.gms:play-services-measurement:21.2.0] AndroidManifest.xml:31:13-35
245            android:exported="false" >
245-->[com.google.android.gms:play-services-measurement:21.2.0] AndroidManifest.xml:32:13-37
246        </receiver>
247
248        <service
248-->[com.google.android.gms:play-services-measurement:21.2.0] AndroidManifest.xml:35:9-38:40
249            android:name="com.google.android.gms.measurement.AppMeasurementService"
249-->[com.google.android.gms:play-services-measurement:21.2.0] AndroidManifest.xml:36:13-84
250            android:enabled="true"
250-->[com.google.android.gms:play-services-measurement:21.2.0] AndroidManifest.xml:37:13-35
251            android:exported="false" />
251-->[com.google.android.gms:play-services-measurement:21.2.0] AndroidManifest.xml:38:13-37
252        <service
252-->[com.google.android.gms:play-services-measurement:21.2.0] AndroidManifest.xml:39:9-43:72
253            android:name="com.google.android.gms.measurement.AppMeasurementJobService"
253-->[com.google.android.gms:play-services-measurement:21.2.0] AndroidManifest.xml:40:13-87
254            android:enabled="true"
254-->[com.google.android.gms:play-services-measurement:21.2.0] AndroidManifest.xml:41:13-35
255            android:exported="false"
255-->[com.google.android.gms:play-services-measurement:21.2.0] AndroidManifest.xml:42:13-37
256            android:permission="android.permission.BIND_JOB_SERVICE" />
256-->[com.google.android.gms:play-services-measurement:21.2.0] AndroidManifest.xml:43:13-69
257
258        <activity
258-->[com.google.android.gms:play-services-base:18.0.1] AndroidManifest.xml:20:9-22:45
259            android:name="com.google.android.gms.common.api.GoogleApiActivity"
259-->[com.google.android.gms:play-services-base:18.0.1] AndroidManifest.xml:20:19-85
260            android:exported="false"
260-->[com.google.android.gms:play-services-base:18.0.1] AndroidManifest.xml:22:19-43
261            android:theme="@android:style/Theme.Translucent.NoTitleBar" />
261-->[com.google.android.gms:play-services-base:18.0.1] AndroidManifest.xml:21:19-78
262
263        <meta-data
263-->[com.google.android.gms:play-services-basement:18.1.0] AndroidManifest.xml:21:9-23:69
264            android:name="com.google.android.gms.version"
264-->[com.google.android.gms:play-services-basement:18.1.0] AndroidManifest.xml:22:13-58
265            android:value="@integer/google_play_services_version" />
265-->[com.google.android.gms:play-services-basement:18.1.0] AndroidManifest.xml:23:13-66
266    </application>
267
268</manifest>